[ 2014-09-15T01:47:04+08:00 ] 127.0.0.1 /install.php
INFO: [ app_begin ] --START--
INFO: ReadHtmlCache Behavior ::run [ RunTime:0.003297s ]
INFO: [ app_begin ] --END-- [ RunTime:0.003546s ]
INFO: [ view_parse ] --START--
INFO: ParseTemplate Behavior ::run [ RunTime:0.030622s ]
INFO: [ view_parse ] --END-- [ RunTime:0.030777s ]
INFO: [ view_filter ] --START--
INFO: ContentReplace Behavior ::run [ RunTime:0.001588s ]
INFO: TokenBuild Behavior ::run [ RunTime:0.001565s ]
INFO: WriteHtmlCache Behavior ::run [ RunTime:0.001904s ]
INFO: ShowRuntime Behavior ::run [ RunTime:0.001849s ]
INFO: [ view_filter ] --END-- [ RunTime:0.007365s ]
INFO: [ view_end ] --START--
INFO: ShowPageTrace Behavior ::run [ RunTime:0.002078s ]
INFO: [ view_end ] --END-- [ RunTime:0.002179s ]

[ 2014-09-15T01:47:07+08:00 ] 127.0.0.1 /install.php?m=index&a=index
INFO: [ app_begin ] --START--
INFO: ReadHtmlCache Behavior ::run [ RunTime:0.004103s ]
INFO: [ app_begin ] --END-- [ RunTime:0.004284s ]
NOTIC: 建议使用I方法替代_post

[ 2014-09-15T01:47:07+08:00 ] 127.0.0.1 /install.php?m=index&a=check
INFO: [ app_begin ] --START--
INFO: ReadHtmlCache Behavior ::run [ RunTime:0.004412s ]
INFO: [ app_begin ] --END-- [ RunTime:0.004619s ]
NOTIC: [2] Missing argument 1 for Dir::__construct(), called in D:\php\htdocs\install\Lib\Action\indexAction.class.php on line 70 and defined D:\php\htdocs\install\Lib\ORG\Dir.class.php 第 37 行.
NOTIC: [8] Undefined variable: path D:\php\htdocs\install\Lib\ORG\Dir.class.php 第 39 行.
NOTIC: [8] Undefined variable: path D:\php\htdocs\install\Lib\ORG\Dir.class.php 第 39 行.

[ 2014-09-15T01:47:08+08:00 ] 127.0.0.1 /install.php?m=index&a=setconf
INFO: [ app_begin ] --START--
INFO: ReadHtmlCache Behavior ::run [ RunTime:0.003460s ]
INFO: [ app_begin ] --END-- [ RunTime:0.003647s ]
INFO: [ view_parse ] --START--
INFO: ParseTemplate Behavior ::run [ RunTime:0.078727s ]
INFO: [ view_parse ] --END-- [ RunTime:0.078898s ]
INFO: [ view_filter ] --START--
INFO: ContentReplace Behavior ::run [ RunTime:0.002387s ]
INFO: TokenBuild Behavior ::run [ RunTime:0.002323s ]
INFO: WriteHtmlCache Behavior ::run [ RunTime:0.001612s ]
INFO: ShowRuntime Behavior ::run [ RunTime:0.002708s ]
INFO: [ view_filter ] --END-- [ RunTime:0.009605s ]
INFO: [ view_end ] --START--
INFO: ShowPageTrace Behavior ::run [ RunTime:0.005627s ]
INFO: [ view_end ] --END-- [ RunTime:0.005803s ]

[ 2014-09-15T01:47:25+08:00 ] 127.0.0.1 /install.php?m=index&a=setconf
INFO: [ app_begin ] --START--
INFO: ReadHtmlCache Behavior ::run [ RunTime:0.003464s ]
INFO: [ app_begin ] --END-- [ RunTime:0.003673s ]

[ 2014-09-15T01:47:26+08:00 ] 127.0.0.1 /install.php?m=index&a=install
INFO: [ app_begin ] --START--
INFO: ReadHtmlCache Behavior ::run [ RunTime:0.003238s ]
INFO: [ app_begin ] --END-- [ RunTime:0.003479s ]
INFO: [ view_parse ] --START--
INFO: ParseTemplate Behavior ::run [ RunTime:0.029451s ]
INFO: [ view_parse ] --END-- [ RunTime:0.029662s ]
INFO: [ view_filter ] --START--
INFO: ContentReplace Behavior ::run [ RunTime:0.000888s ]
INFO: TokenBuild Behavior ::run [ RunTime:0.000846s ]
INFO: WriteHtmlCache Behavior ::run [ RunTime:0.000626s ]
INFO: ShowRuntime Behavior ::run [ RunTime:0.001079s ]
INFO: [ view_filter ] --END-- [ RunTime:0.003806s ]
INFO: [ view_end ] --START--
INFO: ShowPageTrace Behavior ::run [ RunTime:0.003071s ]
INFO: [ view_end ] --END-- [ RunTime:0.003209s ]

[ 2014-09-15T01:47:30+08:00 ] 127.0.0.1 /install.php?m=index&a=finish_done
INFO: [ app_begin ] --START--
INFO: ReadHtmlCache Behavior ::run [ RunTime:0.004866s ]
INFO: [ app_begin ] --END-- [ RunTime:0.005104s ]

[ 2014-09-15T01:47:43+08:00 ] 127.0.0.1 /install.php?m=index&a=finish
INFO: [ app_begin ] --START--
INFO: ReadHtmlCache Behavior ::run [ RunTime:0.004983s ]
INFO: [ app_begin ] --END-- [ RunTime:0.005271s ]
INFO: [ view_parse ] --START--
INFO: ParseTemplate Behavior ::run [ RunTime:0.033647s ]
INFO: [ view_parse ] --END-- [ RunTime:0.033830s ]
INFO: [ view_filter ] --START--
INFO: ContentReplace Behavior ::run [ RunTime:0.001114s ]
INFO: TokenBuild Behavior ::run [ RunTime:0.001180s ]
INFO: WriteHtmlCache Behavior ::run [ RunTime:0.000724s ]
INFO: ShowRuntime Behavior ::run [ RunTime:0.001366s ]
INFO: [ view_filter ] --END-- [ RunTime:0.004860s ]
INFO: [ view_end ] --START--
INFO: ShowPageTrace Behavior ::run [ RunTime:0.005171s ]
INFO: [ view_end ] --END-- [ RunTime:0.005391s ]

[ 2014-09-15T02:00:53+08:00 ] 127.0.0.1 /install.php
INFO: [ app_begin ] --START--
INFO: ReadHtmlCache Behavior ::run [ RunTime:0.002274s ]
INFO: [ app_begin ] --END-- [ RunTime:0.002452s ]
INFO: [ view_parse ] --START--
INFO: ParseTemplate Behavior ::run [ RunTime:0.103850s ]
INFO: [ view_parse ] --END-- [ RunTime:0.108806s ]
INFO: [ view_filter ] --START--
INFO: ContentReplace Behavior ::run [ RunTime:0.002779s ]
INFO: TokenBuild Behavior ::run [ RunTime:0.002558s ]
INFO: WriteHtmlCache Behavior ::run [ RunTime:0.002392s ]
INFO: ShowRuntime Behavior ::run [ RunTime:0.003235s ]
INFO: [ view_filter ] --END-- [ RunTime:0.011569s ]
INFO: [ view_end ] --START--
INFO: ShowPageTrace Behavior ::run [ RunTime:0.003449s ]
INFO: [ view_end ] --END-- [ RunTime:0.003668s ]

[ 2014-09-15T02:00:56+08:00 ] 127.0.0.1 /install.php?m=index&a=index
INFO: [ app_begin ] --START--
INFO: ReadHtmlCache Behavior ::run [ RunTime:0.001357s ]
INFO: [ app_begin ] --END-- [ RunTime:0.001550s ]
NOTIC: 建议使用I方法替代_post

[ 2014-09-15T02:00:57+08:00 ] 127.0.0.1 /install.php?m=index&a=check
INFO: [ app_begin ] --START--
INFO: ReadHtmlCache Behavior ::run [ RunTime:0.001404s ]
INFO: [ app_begin ] --END-- [ RunTime:0.001570s ]
NOTIC: [2] Missing argument 1 for Dir::__construct(), called in D:\php\htdocs\install\Lib\Action\indexAction.class.php on line 70 and defined D:\php\htdocs\install\Lib\ORG\Dir.class.php 第 37 行.
NOTIC: [8] Undefined variable: path D:\php\htdocs\install\Lib\ORG\Dir.class.php 第 39 行.
NOTIC: [8] Undefined variable: path D:\php\htdocs\install\Lib\ORG\Dir.class.php 第 39 行.

[ 2014-09-15T02:00:57+08:00 ] 127.0.0.1 /install.php?m=index&a=setconf
INFO: [ app_begin ] --START--
INFO: ReadHtmlCache Behavior ::run [ RunTime:0.001570s ]
INFO: [ app_begin ] --END-- [ RunTime:0.001771s ]
INFO: [ view_parse ] --START--
INFO: ParseTemplate Behavior ::run [ RunTime:0.039322s ]
INFO: [ view_parse ] --END-- [ RunTime:0.039537s ]
INFO: [ view_filter ] --START--
INFO: ContentReplace Behavior ::run [ RunTime:0.001157s ]
INFO: TokenBuild Behavior ::run [ RunTime:0.001196s ]
INFO: WriteHtmlCache Behavior ::run [ RunTime:0.000755s ]
INFO: ShowRuntime Behavior ::run [ RunTime:0.001250s ]
INFO: [ view_filter ] --END-- [ RunTime:0.004853s ]
INFO: [ view_end ] --START--
INFO: ShowPageTrace Behavior ::run [ RunTime:0.001658s ]
INFO: [ view_end ] --END-- [ RunTime:0.001822s ]

[ 2014-09-15T02:01:17+08:00 ] 127.0.0.1 /install.php?m=index&a=setconf
INFO: [ app_begin ] --START--
INFO: ReadHtmlCache Behavior ::run [ RunTime:0.001327s ]
INFO: [ app_begin ] --END-- [ RunTime:0.001489s ]

[ 2014-09-15T02:01:17+08:00 ] 127.0.0.1 /install.php?m=index&a=install
INFO: [ app_begin ] --START--
INFO: ReadHtmlCache Behavior ::run [ RunTime:0.002179s ]
INFO: [ app_begin ] --END-- [ RunTime:0.002425s ]
INFO: [ view_parse ] --START--
INFO: ParseTemplate Behavior ::run [ RunTime:0.038044s ]
INFO: [ view_parse ] --END-- [ RunTime:0.038237s ]
INFO: [ view_filter ] --START--
INFO: ContentReplace Behavior ::run [ RunTime:0.001923s ]
INFO: TokenBuild Behavior ::run [ RunTime:0.000986s ]
INFO: WriteHtmlCache Behavior ::run [ RunTime:0.000502s ]
INFO: ShowRuntime Behavior ::run [ RunTime:0.000861s ]
INFO: [ view_filter ] --END-- [ RunTime:0.004886s ]
INFO: [ view_end ] --START--
INFO: ShowPageTrace Behavior ::run [ RunTime:0.001206s ]
INFO: [ view_end ] --END-- [ RunTime:0.001304s ]

[ 2014-09-15T02:01:20+08:00 ] 127.0.0.1 /install.php?m=index&a=finish_done
INFO: [ app_begin ] --START--
INFO: ReadHtmlCache Behavior ::run [ RunTime:0.001709s ]
INFO: [ app_begin ] --END-- [ RunTime:0.001922s ]

[ 2014-09-15T02:01:22+08:00 ] 127.0.0.1 /install.php?m=index&a=finish
INFO: [ app_begin ] --START--
INFO: ReadHtmlCache Behavior ::run [ RunTime:0.004190s ]
INFO: [ app_begin ] --END-- [ RunTime:0.004459s ]
INFO: [ view_parse ] --START--
INFO: ParseTemplate Behavior ::run [ RunTime:0.028945s ]
INFO: [ view_parse ] --END-- [ RunTime:0.029123s ]
INFO: [ view_filter ] --START--
INFO: ContentReplace Behavior ::run [ RunTime:0.000791s ]
INFO: TokenBuild Behavior ::run [ RunTime:0.000865s ]
INFO: WriteHtmlCache Behavior ::run [ RunTime:0.000532s ]
INFO: ShowRuntime Behavior ::run [ RunTime:0.000978s ]
INFO: [ view_filter ] --END-- [ RunTime:0.003501s ]
INFO: [ view_end ] --START--
INFO: ShowPageTrace Behavior ::run [ RunTime:0.001342s ]
INFO: [ view_end ] --END-- [ RunTime:0.001462s ]

