[ 2014-08-14T22:32:05+08:00 ] 27.152.207.231 /install.php
INFO: [ app_begin ] --START--
INFO: ReadHtmlCache Behavior ::run [ RunTime:0.002038s ]
INFO: [ app_begin ] --END-- [ RunTime:0.002272s ]
INFO: [ view_parse ] --START--
INFO: ParseTemplate Behavior ::run [ RunTime:0.018998s ]
INFO: [ view_parse ] --END-- [ RunTime:0.019212s ]
INFO: [ view_filter ] --START--
INFO: ContentReplace Behavior ::run [ RunTime:0.002163s ]
INFO: TokenBuild Behavior ::run [ RunTime:0.001473s ]
INFO: WriteHtmlCache Behavior ::run [ RunTime:0.001588s ]
INFO: ShowRuntime Behavior ::run [ RunTime:0.001856s ]
INFO: [ view_filter ] --END-- [ RunTime:0.007600s ]
INFO: [ view_end ] --START--
INFO: ShowPageTrace Behavior ::run [ RunTime:0.002232s ]
INFO: [ view_end ] --END-- [ RunTime:0.002894s ]

[ 2014-08-14T22:32:08+08:00 ] 27.152.207.231 /install.php?m=index&a=index
INFO: [ app_begin ] --START--
INFO: ReadHtmlCache Behavior ::run [ RunTime:0.001780s ]
INFO: [ app_begin ] --END-- [ RunTime:0.001937s ]
NOTIC: 建议使用I方法替代_post

[ 2014-08-14T22:32:08+08:00 ] 27.152.207.231 /install.php?m=index&a=check
INFO: [ app_begin ] --START--
INFO: ReadHtmlCache Behavior ::run [ RunTime:0.000947s ]
INFO: [ app_begin ] --END-- [ RunTime:0.001111s ]
NOTIC: [2] Missing argument 1 for Dir::__construct(), called in D:\wwwroot\ftx60\web\install\Lib\Action\indexAction.class.php on line 70 and defined D:\wwwroot\ftx60\web\install\Lib\ORG\Dir.class.php 第 37 行.
NOTIC: [8] Undefined variable: path D:\wwwroot\ftx60\web\install\Lib\ORG\Dir.class.php 第 39 行.
NOTIC: [8] Undefined variable: path D:\wwwroot\ftx60\web\install\Lib\ORG\Dir.class.php 第 39 行.

[ 2014-08-14T22:32:08+08:00 ] 27.152.207.231 /install.php?m=index&a=setconf
INFO: [ app_begin ] --START--
INFO: ReadHtmlCache Behavior ::run [ RunTime:0.001539s ]
INFO: [ app_begin ] --END-- [ RunTime:0.001679s ]
INFO: [ view_parse ] --START--
INFO: ParseTemplate Behavior ::run [ RunTime:0.019424s ]
INFO: [ view_parse ] --END-- [ RunTime:0.019564s ]
INFO: [ view_filter ] --START--
INFO: ContentReplace Behavior ::run [ RunTime:0.000888s ]
INFO: TokenBuild Behavior ::run [ RunTime:0.000871s ]
INFO: WriteHtmlCache Behavior ::run [ RunTime:0.000743s ]
INFO: ShowRuntime Behavior ::run [ RunTime:0.001053s ]
INFO: [ view_filter ] --END-- [ RunTime:0.003821s ]
INFO: [ view_end ] --START--
INFO: ShowPageTrace Behavior ::run [ RunTime:0.001294s ]
INFO: [ view_end ] --END-- [ RunTime:0.001422s ]

[ 2014-08-14T22:32:20+08:00 ] 27.152.207.231 /install.php?m=index&a=setconf
INFO: [ app_begin ] --START--
INFO: ReadHtmlCache Behavior ::run [ RunTime:0.001437s ]
INFO: [ app_begin ] --END-- [ RunTime:0.001658s ]

[ 2014-08-14T22:32:21+08:00 ] 27.152.207.231 /install.php?m=index&a=install
INFO: [ app_begin ] --START--
INFO: ReadHtmlCache Behavior ::run [ RunTime:0.001320s ]
INFO: [ app_begin ] --END-- [ RunTime:0.001573s ]
INFO: [ view_parse ] --START--
INFO: ParseTemplate Behavior ::run [ RunTime:0.025187s ]
INFO: [ view_parse ] --END-- [ RunTime:0.025374s ]
INFO: [ view_filter ] --START--
INFO: ContentReplace Behavior ::run [ RunTime:0.001252s ]
INFO: TokenBuild Behavior ::run [ RunTime:0.001259s ]
INFO: WriteHtmlCache Behavior ::run [ RunTime:0.001026s ]
INFO: ShowRuntime Behavior ::run [ RunTime:0.001550s ]
INFO: [ view_filter ] --END-- [ RunTime:0.005434s ]
INFO: [ view_end ] --START--
INFO: ShowPageTrace Behavior ::run [ RunTime:0.001991s ]
INFO: [ view_end ] --END-- [ RunTime:0.002181s ]

[ 2014-08-14T22:32:22+08:00 ] 27.152.207.231 /install.php?m=index&a=finish_done
INFO: [ app_begin ] --START--
INFO: ReadHtmlCache Behavior ::run [ RunTime:0.001116s ]
INFO: [ app_begin ] --END-- [ RunTime:0.001256s ]

[ 2014-08-14T22:32:41+08:00 ] 27.152.207.231 /install.php?m=index&a=finish
INFO: [ app_begin ] --START--
INFO: ReadHtmlCache Behavior ::run [ RunTime:0.001598s ]
INFO: [ app_begin ] --END-- [ RunTime:0.001825s ]
INFO: [ view_parse ] --START--
INFO: ParseTemplate Behavior ::run [ RunTime:0.029389s ]
INFO: [ view_parse ] --END-- [ RunTime:0.029610s ]
INFO: [ view_filter ] --START--
INFO: ContentReplace Behavior ::run [ RunTime:0.001416s ]
INFO: TokenBuild Behavior ::run [ RunTime:0.002064s ]
INFO: WriteHtmlCache Behavior ::run [ RunTime:0.001637s ]
INFO: ShowRuntime Behavior ::run [ RunTime:0.001835s ]
INFO: [ view_filter ] --END-- [ RunTime:0.007489s ]
INFO: [ view_end ] --START--
INFO: ShowPageTrace Behavior ::run [ RunTime:0.002620s ]
INFO: [ view_end ] --END-- [ RunTime:0.003249s ]

