[ 2014-09-04T23:30:21+08:00 ] 127.0.0.1 /install.php
INFO: [ app_begin ] --START--
INFO: ReadHtmlCache Behavior ::run [ RunTime:0.079163s ]
INFO: [ app_begin ] --END-- [ RunTime:0.108695s ]
INFO: [ view_parse ] --START--
INFO: ParseTemplate Behavior ::run [ RunTime:0.498775s ]
INFO: [ view_parse ] --END-- [ RunTime:0.498929s ]
INFO: [ view_filter ] --START--
INFO: ContentReplace Behavior ::run [ RunTime:0.014528s ]
INFO: TokenBuild Behavior ::run [ RunTime:0.046807s ]
INFO: WriteHtmlCache Behavior ::run [ RunTime:0.029762s ]
INFO: ShowRuntime Behavior ::run [ RunTime:0.059188s ]
INFO: [ view_filter ] --END-- [ RunTime:0.150718s ]
INFO: [ view_end ] --START--
INFO: ShowPageTrace Behavior ::run [ RunTime:0.013705s ]
INFO: [ view_end ] --END-- [ RunTime:0.013824s ]

[ 2014-09-04T23:31:08+08:00 ] 127.0.0.1 /install.php?m=index&a=index
INFO: [ app_begin ] --START--
INFO: ReadHtmlCache Behavior ::run [ RunTime:0.002232s ]
INFO: [ app_begin ] --END-- [ RunTime:0.002423s ]
NOTIC: 建议使用I方法替代_post

[ 2014-09-04T23:31:08+08:00 ] 127.0.0.1 /install.php?m=index&a=check
INFO: [ app_begin ] --START--
INFO: ReadHtmlCache Behavior ::run [ RunTime:0.001224s ]
INFO: [ app_begin ] --END-- [ RunTime:0.001383s ]
NOTIC: [2] Missing argument 1 for Dir::__construct(), called in D:\php\htdocs\install\Lib\Action\indexAction.class.php on line 70 and defined D:\php\htdocs\install\Lib\ORG\Dir.class.php 第 37 行.
NOTIC: [8] Undefined variable: path D:\php\htdocs\install\Lib\ORG\Dir.class.php 第 39 行.
NOTIC: [8] Undefined variable: path D:\php\htdocs\install\Lib\ORG\Dir.class.php 第 39 行.

[ 2014-09-04T23:31:09+08:00 ] 127.0.0.1 /install.php?m=index&a=setconf
INFO: [ app_begin ] --START--
INFO: ReadHtmlCache Behavior ::run [ RunTime:0.002754s ]
INFO: [ app_begin ] --END-- [ RunTime:0.002963s ]
INFO: [ view_parse ] --START--
INFO: ParseTemplate Behavior ::run [ RunTime:0.141133s ]
INFO: [ view_parse ] --END-- [ RunTime:0.141377s ]
INFO: [ view_filter ] --START--
INFO: ContentReplace Behavior ::run [ RunTime:0.001689s ]
INFO: TokenBuild Behavior ::run [ RunTime:0.001488s ]
INFO: WriteHtmlCache Behavior ::run [ RunTime:0.001600s ]
INFO: ShowRuntime Behavior ::run [ RunTime:0.001899s ]
INFO: [ view_filter ] --END-- [ RunTime:0.007001s ]
INFO: [ view_end ] --START--
INFO: ShowPageTrace Behavior ::run [ RunTime:0.002085s ]
INFO: [ view_end ] --END-- [ RunTime:0.002234s ]

[ 2014-09-04T23:31:20+08:00 ] 127.0.0.1 /install.php?m=index&a=setconf
INFO: [ app_begin ] --START--
INFO: ReadHtmlCache Behavior ::run [ RunTime:0.001135s ]
INFO: [ app_begin ] --END-- [ RunTime:0.001284s ]
INFO: [ view_parse ] --START--
NOTIC: [8] Undefined variable: database_name_tip D:\php\htdocs\install\Runtime\Cache\99a4c0c29e7fe01b54da88607d456887.php 第 43 行.
INFO: ParseTemplate Behavior ::run [ RunTime:0.030865s ]
INFO: [ view_parse ] --END-- [ RunTime:0.031025s ]
INFO: [ view_filter ] --START--
INFO: ContentReplace Behavior ::run [ RunTime:0.000783s ]
INFO: TokenBuild Behavior ::run [ RunTime:0.001244s ]
INFO: WriteHtmlCache Behavior ::run [ RunTime:0.000549s ]
INFO: ShowRuntime Behavior ::run [ RunTime:0.000948s ]
INFO: [ view_filter ] --END-- [ RunTime:0.003873s ]
INFO: [ view_end ] --START--
INFO: ShowPageTrace Behavior ::run [ RunTime:0.003929s ]
INFO: [ view_end ] --END-- [ RunTime:0.004065s ]

[ 2014-09-04T23:31:28+08:00 ] 127.0.0.1 /install.php?m=index&a=setconf
INFO: [ app_begin ] --START--
INFO: ReadHtmlCache Behavior ::run [ RunTime:0.001771s ]
INFO: [ app_begin ] --END-- [ RunTime:0.002013s ]

[ 2014-09-04T23:31:29+08:00 ] 127.0.0.1 /install.php?m=index&a=install
INFO: [ app_begin ] --START--
INFO: ReadHtmlCache Behavior ::run [ RunTime:0.001181s ]
INFO: [ app_begin ] --END-- [ RunTime:0.001333s ]
INFO: [ view_parse ] --START--
INFO: ParseTemplate Behavior ::run [ RunTime:0.106189s ]
INFO: [ view_parse ] --END-- [ RunTime:0.106399s ]
INFO: [ view_filter ] --START--
INFO: ContentReplace Behavior ::run [ RunTime:0.001127s ]
INFO: TokenBuild Behavior ::run [ RunTime:0.001107s ]
INFO: WriteHtmlCache Behavior ::run [ RunTime:0.000767s ]
INFO: ShowRuntime Behavior ::run [ RunTime:0.001436s ]
INFO: [ view_filter ] --END-- [ RunTime:0.004954s ]
INFO: [ view_end ] --START--
INFO: ShowPageTrace Behavior ::run [ RunTime:0.002278s ]
INFO: [ view_end ] --END-- [ RunTime:0.002544s ]

[ 2014-09-04T23:31:33+08:00 ] 127.0.0.1 /install.php?m=index&a=finish_done
INFO: [ app_begin ] --START--
INFO: ReadHtmlCache Behavior ::run [ RunTime:0.001086s ]
INFO: [ app_begin ] --END-- [ RunTime:0.001263s ]

[ 2014-09-04T23:31:41+08:00 ] 127.0.0.1 /install.php?m=index&a=finish
INFO: [ app_begin ] --START--
INFO: ReadHtmlCache Behavior ::run [ RunTime:0.001234s ]
INFO: [ app_begin ] --END-- [ RunTime:0.001395s ]
INFO: [ view_parse ] --START--
INFO: ParseTemplate Behavior ::run [ RunTime:0.048861s ]
INFO: [ view_parse ] --END-- [ RunTime:0.049048s ]
INFO: [ view_filter ] --START--
INFO: ContentReplace Behavior ::run [ RunTime:0.000944s ]
INFO: TokenBuild Behavior ::run [ RunTime:0.000784s ]
INFO: WriteHtmlCache Behavior ::run [ RunTime:0.000525s ]
INFO: ShowRuntime Behavior ::run [ RunTime:0.002940s ]
INFO: [ view_filter ] --END-- [ RunTime:0.005545s ]
INFO: [ view_end ] --START--
INFO: ShowPageTrace Behavior ::run [ RunTime:0.001700s ]
INFO: [ view_end ] --END-- [ RunTime:0.001858s ]

[ 2014-09-04T23:43:23+08:00 ] 127.0.0.1 /install.php
INFO: [ app_begin ] --START--
INFO: ReadHtmlCache Behavior ::run [ RunTime:0.003465s ]
INFO: [ app_begin ] --END-- [ RunTime:0.003821s ]
INFO: [ view_parse ] --START--
INFO: ParseTemplate Behavior ::run [ RunTime:0.042281s ]
INFO: [ view_parse ] --END-- [ RunTime:0.042540s ]
INFO: [ view_filter ] --START--
INFO: ContentReplace Behavior ::run [ RunTime:0.002616s ]
INFO: TokenBuild Behavior ::run [ RunTime:0.002638s ]
INFO: WriteHtmlCache Behavior ::run [ RunTime:0.002301s ]
INFO: ShowRuntime Behavior ::run [ RunTime:0.002969s ]
INFO: [ view_filter ] --END-- [ RunTime:0.011173s ]
INFO: [ view_end ] --START--
INFO: ShowPageTrace Behavior ::run [ RunTime:0.003265s ]
INFO: [ view_end ] --END-- [ RunTime:0.003453s ]

[ 2014-09-04T23:44:02+08:00 ] 127.0.0.1 /install.php?m=index&a=index
INFO: [ app_begin ] --START--
INFO: ReadHtmlCache Behavior ::run [ RunTime:0.001399s ]
INFO: [ app_begin ] --END-- [ RunTime:0.001585s ]
NOTIC: 建议使用I方法替代_post

[ 2014-09-04T23:44:02+08:00 ] 127.0.0.1 /install.php?m=index&a=check
INFO: [ app_begin ] --START--
INFO: ReadHtmlCache Behavior ::run [ RunTime:0.002413s ]
INFO: [ app_begin ] --END-- [ RunTime:0.002764s ]
NOTIC: [2] Missing argument 1 for Dir::__construct(), called in D:\php\htdocs\install\Lib\Action\indexAction.class.php on line 70 and defined D:\php\htdocs\install\Lib\ORG\Dir.class.php 第 37 行.
NOTIC: [8] Undefined variable: path D:\php\htdocs\install\Lib\ORG\Dir.class.php 第 39 行.
NOTIC: [8] Undefined variable: path D:\php\htdocs\install\Lib\ORG\Dir.class.php 第 39 行.

[ 2014-09-04T23:44:03+08:00 ] 127.0.0.1 /install.php?m=index&a=setconf
INFO: [ app_begin ] --START--
INFO: ReadHtmlCache Behavior ::run [ RunTime:0.002891s ]
INFO: [ app_begin ] --END-- [ RunTime:0.003087s ]
INFO: [ view_parse ] --START--
INFO: ParseTemplate Behavior ::run [ RunTime:0.032676s ]
INFO: [ view_parse ] --END-- [ RunTime:0.032855s ]
INFO: [ view_filter ] --START--
INFO: ContentReplace Behavior ::run [ RunTime:0.001687s ]
INFO: TokenBuild Behavior ::run [ RunTime:0.002344s ]
INFO: WriteHtmlCache Behavior ::run [ RunTime:0.003112s ]
INFO: ShowRuntime Behavior ::run [ RunTime:0.001880s ]
INFO: [ view_filter ] --END-- [ RunTime:0.009443s ]
INFO: [ view_end ] --START--
INFO: ShowPageTrace Behavior ::run [ RunTime:0.002076s ]
INFO: [ view_end ] --END-- [ RunTime:0.002243s ]

[ 2014-09-04T23:46:07+08:00 ] 127.0.0.1 /install.php?m=index&a=setconf
INFO: [ app_begin ] --START--
INFO: ReadHtmlCache Behavior ::run [ RunTime:0.002426s ]
INFO: [ app_begin ] --END-- [ RunTime:0.002601s ]

[ 2014-09-04T23:46:07+08:00 ] 127.0.0.1 /install.php?m=index&a=install
INFO: [ app_begin ] --START--
INFO: ReadHtmlCache Behavior ::run [ RunTime:0.001033s ]
INFO: [ app_begin ] --END-- [ RunTime:0.001167s ]
INFO: [ view_parse ] --START--
INFO: ParseTemplate Behavior ::run [ RunTime:0.026358s ]
INFO: [ view_parse ] --END-- [ RunTime:0.026542s ]
INFO: [ view_filter ] --START--
INFO: ContentReplace Behavior ::run [ RunTime:0.001874s ]
INFO: TokenBuild Behavior ::run [ RunTime:0.001580s ]
INFO: WriteHtmlCache Behavior ::run [ RunTime:0.007521s ]
INFO: ShowRuntime Behavior ::run [ RunTime:0.004429s ]
INFO: [ view_filter ] --END-- [ RunTime:0.015891s ]
INFO: [ view_end ] --START--
INFO: ShowPageTrace Behavior ::run [ RunTime:0.003344s ]
INFO: [ view_end ] --END-- [ RunTime:0.003530s ]

[ 2014-09-04T23:46:11+08:00 ] 127.0.0.1 /install.php?m=index&a=finish_done
INFO: [ app_begin ] --START--
INFO: ReadHtmlCache Behavior ::run [ RunTime:0.002772s ]
INFO: [ app_begin ] --END-- [ RunTime:0.003033s ]

[ 2014-09-04T23:46:14+08:00 ] 127.0.0.1 /install.php?m=index&a=finish
INFO: [ app_begin ] --START--
INFO: ReadHtmlCache Behavior ::run [ RunTime:0.001400s ]
INFO: [ app_begin ] --END-- [ RunTime:0.001613s ]
INFO: [ view_parse ] --START--
INFO: ParseTemplate Behavior ::run [ RunTime:0.137199s ]
INFO: [ view_parse ] --END-- [ RunTime:0.137384s ]
INFO: [ view_filter ] --START--
INFO: ContentReplace Behavior ::run [ RunTime:0.001699s ]
INFO: TokenBuild Behavior ::run [ RunTime:0.001986s ]
INFO: WriteHtmlCache Behavior ::run [ RunTime:0.001522s ]
INFO: ShowRuntime Behavior ::run [ RunTime:0.001812s ]
INFO: [ view_filter ] --END-- [ RunTime:0.007366s ]
INFO: [ view_end ] --START--
INFO: ShowPageTrace Behavior ::run [ RunTime:0.002302s ]
INFO: [ view_end ] --END-- [ RunTime:0.002434s ]

